<?xml version="1.0" encoding="UTF-8"?>
<!-- Generated by org.testng.reporters.JUnitReportReporter -->
<testsuite skipped="0" hostname="UKMKCSLP03731" name="com.test.tectm.NewTest" tests="1" failures="0" timestamp="15 Aug 2017 10:16:52 GMT" time="47.102" errors="0">
  <testcase name="f" time="47.102" classname="com.test.tectm.NewTest"/>
</testsuite> <!-- com.test.tectm.NewTest -->
